<?xml version="1.0" encoding="UTF-8"?>
<!-- Generated by org.testng.reporters.JUnitReportReporter -->
<testsuite hostname="DESKTOP-PAVAN" failures="0" tests="6" name="com.sgtesting.log4jDemo.Assign7" time="39.450" errors="0" timestamp="2021-06-03T18:25:26 IST" skipped="0">
  <testcase classname="com.sgtesting.log4jDemo.Assign7" name="runPreconditions" time="11.023"/>
  <system-out/>
  <testcase classname="com.sgtesting.log4jDemo.Assign7" name="createCustomer" time="5.706"/>
  <system-out/>
  <testcase classname="com.sgtesting.log4jDemo.Assign7" name="createProject" time="4.255"/>
  <system-out/>
  <testcase classname="com.sgtesting.log4jDemo.Assign7" name="createTask" time="17.457"/>
  <system-out/>
  <testcase classname="com.sgtesting.log4jDemo.Assign7" name="deleteTask" time="0.664"/>
  <system-out/>
  <testcase classname="com.sgtesting.log4jDemo.Assign7" name="postrequistes" time="0.345"/>
  <system-out/>
</testsuite> <!-- com.sgtesting.log4jDemo.Assign7 -->
