<?xml version="1.0" encoding="UTF-8"?>
<!-- Generated by org.testng.reporters.JUnitReportReporter -->
<testsuite hostname="DESKTOP-PAVAN" failures="0" tests="1" name="com.sgtesting.testNGdemo.Assign1" time="7.535" errors="0" timestamp="2021-06-07T16:36:04 IST" skipped="0">
  <testcase classname="com.sgtesting.testNGdemo.Assign1" name="launchBrowser" time="7.535"/>
  <system-out/>
</testsuite> <!-- com.sgtesting.testNGdemo.Assign1 -->
