<?xml version="1.0" encoding="UTF-8"?>
<!-- Generated by org.testng.reporters.JUnitReportReporter -->
<testsuite hostname="DESKTOP-PAVAN" failures="0" tests="7" name="com.sgtesting.testNGdemo.Assign6" time="106.913" errors="0" timestamp="2021-06-07T18:17:54 IST" skipped="0">
  <testcase classname="com.sgtesting.testNGdemo.Assign6" name="runPrerequisite" time="33.473"/>
  <system-out/>
  <testcase classname="com.sgtesting.testNGdemo.Assign6" name="createCustomer" time="12.184"/>
  <system-out/>
  <testcase classname="com.sgtesting.testNGdemo.Assign6" name="createProject" time="12.212"/>
  <system-out/>
  <testcase classname="com.sgtesting.testNGdemo.Assign6" name="modifyProject" time="12.205"/>
  <system-out/>
  <testcase classname="com.sgtesting.testNGdemo.Assign6" name="deleteProject" time="12.210"/>
  <system-out/>
  <testcase classname="com.sgtesting.testNGdemo.Assign6" name="deleteCustomer" time="12.138"/>
  <system-out/>
  <testcase classname="com.sgtesting.testNGdemo.Assign6" name="postrequistes" time="12.491"/>
  <system-out/>
</testsuite> <!-- com.sgtesting.testNGdemo.Assign6 -->
