<?xml version="1.0" encoding="UTF-8"?>
<!-- Generated by org.testng.reporters.JUnitReportReporter -->
<testsuite hostname="DESKTOP-PAVAN" failures="0" tests="5" name="com.sgtesting.log4jDemo.Assign2" time="30.814" errors="0" timestamp="2021-06-03T17:11:13 IST" skipped="0">
  <testcase classname="com.sgtesting.log4jDemo.Assign2" name="runPreconditions" time="11.686"/>
  <system-out/>
  <testcase classname="com.sgtesting.log4jDemo.Assign2" name="createUser" time="6.630"/>
  <system-out/>
  <testcase classname="com.sgtesting.log4jDemo.Assign2" name="modifyUser" time="6.364"/>
  <system-out/>
  <testcase classname="com.sgtesting.log4jDemo.Assign2" name="deleteUser" time="5.668"/>
  <system-out/>
  <testcase classname="com.sgtesting.log4jDemo.Assign2" name="postrequistes" time="0.466"/>
  <system-out/>
</testsuite> <!-- com.sgtesting.log4jDemo.Assign2 -->
