<?xml version="1.0" encoding="UTF-8"?>
<!-- Generated by org.testng.reporters.JUnitReportReporter -->
<testsuite hostname="DESKTOP-PAVAN" failures="0" tests="5" name="com.sgtesting.log4jDemo.Assign4" time="37.190" errors="0" timestamp="2021-06-03T18:23:05 IST" skipped="0">
  <testcase classname="com.sgtesting.log4jDemo.Assign4" name="runPreconditions" time="11.349"/>
  <system-out/>
  <testcase classname="com.sgtesting.log4jDemo.Assign4" name="createCustomer" time="10.667"/>
  <system-out/>
  <testcase classname="com.sgtesting.log4jDemo.Assign4" name="modifyCustomer" time="6.237"/>
  <system-out/>
  <testcase classname="com.sgtesting.log4jDemo.Assign4" name="deleteCustomer" time="8.261"/>
  <system-out/>
  <testcase classname="com.sgtesting.log4jDemo.Assign4" name="postrequistes" time="0.676"/>
  <system-out/>
</testsuite> <!-- com.sgtesting.log4jDemo.Assign4 -->
