<?xml version="1.0" encoding="UTF-8"?>
<!-- Generated by org.testng.reporters.JUnitReportReporter -->
<testsuite hostname="DESKTOP-PAVAN" failures="0" tests="4" name="com.sgtesting.log4jDemo.Assign1" time="26.762" errors="0" timestamp="2021-06-03T18:48:34 IST" skipped="0">
  <testcase classname="com.sgtesting.log4jDemo.Assign1" name="runPreconditions" time="11.093"/>
  <system-out/>
  <testcase classname="com.sgtesting.log4jDemo.Assign1" name="createUser" time="8.192"/>
  <system-out/>
  <testcase classname="com.sgtesting.log4jDemo.Assign1" name="deleteUser" time="7.160"/>
  <system-out/>
  <testcase classname="com.sgtesting.log4jDemo.Assign1" name="postrequistes" time="0.317"/>
  <system-out/>
</testsuite> <!-- com.sgtesting.log4jDemo.Assign1 -->
