<?xml version="1.0" encoding="UTF-8"?>
<!-- Generated by org.testng.reporters.JUnitReportReporter -->
<testsuite hostname="DESKTOP-PAVAN" failures="0" tests="7" name="com.sgtesting.log4jDemo.Assign8" time="71.349" errors="0" timestamp="2021-06-03T18:30:48 IST" skipped="0">
  <testcase classname="com.sgtesting.log4jDemo.Assign8" name="runPreconditions" time="10.991"/>
  <system-out/>
  <testcase classname="com.sgtesting.log4jDemo.Assign8" name="create3Users" time="12.974"/>
  <system-out/>
  <testcase classname="com.sgtesting.log4jDemo.Assign8" name="loginandlogoutuser1" time="9.260"/>
  <system-out/>
  <testcase classname="com.sgtesting.log4jDemo.Assign8" name="loginandlogoutuser2" time="6.221"/>
  <system-out/>
  <testcase classname="com.sgtesting.log4jDemo.Assign8" name="loginandlogoutuser3" time="8.129"/>
  <system-out/>
  <testcase classname="com.sgtesting.log4jDemo.Assign8" name="deleteUser" time="23.351"/>
  <system-out/>
  <testcase classname="com.sgtesting.log4jDemo.Assign8" name="postrequistes" time="0.423"/>
  <system-out/>
</testsuite> <!-- com.sgtesting.log4jDemo.Assign8 -->
