<?xml version="1.0" encoding="UTF-8"?>
<!-- Generated by org.testng.reporters.JUnitReportReporter -->
<testsuite hostname="DESKTOP-PAVAN" failures="0" tests="15" name="com.sgtesting.log4jDemo.Assign9" time="146.719" errors="0" timestamp="2021-06-03T18:22:03 IST" skipped="0">
  <testcase classname="com.sgtesting.log4jDemo.Assign9" name="runPreconditions" time="11.897"/>
  <system-out/>
  <testcase classname="com.sgtesting.log4jDemo.Assign9" name="createUser1" time="6.849"/>
  <system-out/>
  <testcase classname="com.sgtesting.log4jDemo.Assign9" name="loginuser1" time="17.379"/>
  <system-out/>
  <testcase classname="com.sgtesting.log4jDemo.Assign9" name="createUser2" time="6.668"/>
  <system-out/>
  <testcase classname="com.sgtesting.log4jDemo.Assign9" name="loginuser2" time="5.911"/>
  <system-out/>
  <testcase classname="com.sgtesting.log4jDemo.Assign9" name="createUser3" time="11.828"/>
  <system-out/>
  <testcase classname="com.sgtesting.log4jDemo.Assign9" name="modifyUser1" time="12.183"/>
  <system-out/>
  <testcase classname="com.sgtesting.log4jDemo.Assign9" name="loginModifieduser1" time="3.731"/>
  <system-out/>
  <testcase classname="com.sgtesting.log4jDemo.Assign9" name="modifyUser2" time="12.823"/>
  <system-out/>
  <testcase classname="com.sgtesting.log4jDemo.Assign9" name="loginModifieduser2" time="3.716"/>
  <system-out/>
  <testcase classname="com.sgtesting.log4jDemo.Assign9" name="modifyUser3" time="12.323"/>
  <system-out/>
  <testcase classname="com.sgtesting.log4jDemo.Assign9" name="deleteuser3" time="13.833"/>
  <system-out/>
  <testcase classname="com.sgtesting.log4jDemo.Assign9" name="deleteuser2" time="12.983"/>
  <system-out/>
  <testcase classname="com.sgtesting.log4jDemo.Assign9" name="deleteuser1" time="12.150"/>
  <system-out/>
  <testcase classname="com.sgtesting.log4jDemo.Assign9" name="postrequistes" time="2.445"/>
  <system-out/>
</testsuite> <!-- com.sgtesting.log4jDemo.Assign9 -->
