<?xml version="1.0" encoding="UTF-8"?>
<!-- Generated by org.testng.reporters.JUnitReportReporter -->
<testsuite hostname="DESKTOP-PAVAN" failures="0" tests="6" name="com.sgtesting.log4jDemo.Assign5" time="33.814" errors="0" timestamp="2021-06-03T18:23:49 IST" skipped="0">
  <testcase classname="com.sgtesting.log4jDemo.Assign5" name="runPreconditions" time="10.967"/>
  <system-out/>
  <testcase classname="com.sgtesting.log4jDemo.Assign5" name="createCustomer" time="5.606"/>
  <system-out/>
  <testcase classname="com.sgtesting.log4jDemo.Assign5" name="createProject" time="4.269"/>
  <system-out/>
  <testcase classname="com.sgtesting.log4jDemo.Assign5" name="deleteProject" time="8.282"/>
  <system-out/>
  <testcase classname="com.sgtesting.log4jDemo.Assign5" name="deleteCustomer" time="4.272"/>
  <system-out/>
  <testcase classname="com.sgtesting.log4jDemo.Assign5" name="postrequistes" time="0.418"/>
  <system-out/>
</testsuite> <!-- com.sgtesting.log4jDemo.Assign5 -->
