<?xml version="1.0" encoding="UTF-8"?>
<!-- Generated by org.testng.reporters.JUnitReportReporter -->
<testsuite hostname="DESKTOP-PAVAN" failures="0" tests="8" name="com.sgtesting.assertionDemo.Assign11" time="24.228" errors="0" timestamp="2021-06-04T18:00:31 IST" skipped="0">
  <testcase classname="com.sgtesting.assertionDemo.Assign11" name="launchBrowser" time="1.704"/>
  <system-out/>
  <testcase classname="com.sgtesting.assertionDemo.Assign11" name="navigate" time="2.686"/>
  <system-out/>
  <testcase classname="com.sgtesting.assertionDemo.Assign11" name="login" time="4.211"/>
  <system-out/>
  <testcase classname="com.sgtesting.assertionDemo.Assign11" name="minimizeFlyOutWindow" time="0.027"/>
  <system-out/>
  <testcase classname="com.sgtesting.assertionDemo.Assign11" name="createUser" time="8.147"/>
  <system-out/>
  <testcase classname="com.sgtesting.assertionDemo.Assign11" name="deleteUser" time="7.168"/>
  <system-out/>
  <testcase classname="com.sgtesting.assertionDemo.Assign11" name="logout" time="0.217"/>
  <system-out/>
  <testcase classname="com.sgtesting.assertionDemo.Assign11" name="closeBrowser" time="0.068"/>
  <system-out/>
</testsuite> <!-- com.sgtesting.assertionDemo.Assign11 -->
