<?xml version="1.0" encoding="UTF-8"?>
<!-- Generated by org.testng.reporters.JUnitReportReporter -->
<testsuite hostname="DESKTOP-PAVAN" failures="0" tests="4" name="com.sgtesting.log4jDemo.Assign3" time="26.295" errors="0" timestamp="2021-06-03T18:26:27 IST" skipped="0">
  <testcase classname="com.sgtesting.log4jDemo.Assign3" name="runPreconditions" time="12.810"/>
  <system-out/>
  <testcase classname="com.sgtesting.log4jDemo.Assign3" name="createCustomer" time="6.812"/>
  <system-out/>
  <testcase classname="com.sgtesting.log4jDemo.Assign3" name="deleteCustomer" time="6.300"/>
  <system-out/>
  <testcase classname="com.sgtesting.log4jDemo.Assign3" name="postrequistes" time="0.373"/>
  <system-out/>
</testsuite> <!-- com.sgtesting.log4jDemo.Assign3 -->
