<?xml version="1.0" encoding="UTF-8"?>
<!-- Generated by org.testng.reporters.JUnitReportReporter -->
<testsuite hostname="DESKTOP-PAVAN" failures="0" tests="6" name="com.sgtesting.testNGdemo.Assign7" time="56.357" errors="0" timestamp="2021-06-07T18:43:03 IST" skipped="0">
  <testcase classname="com.sgtesting.testNGdemo.Assign7" name="runPreconditions" time="11.094"/>
  <system-out/>
  <testcase classname="com.sgtesting.testNGdemo.Assign7" name="createCustomer" time="5.618"/>
  <system-out/>
  <testcase classname="com.sgtesting.testNGdemo.Assign7" name="createProject" time="4.259"/>
  <system-out/>
  <testcase classname="com.sgtesting.testNGdemo.Assign7" name="createTask" time="17.490"/>
  <system-out/>
  <testcase classname="com.sgtesting.testNGdemo.Assign7" name="deleteTask" time="17.471"/>
  <system-out/>
  <testcase classname="com.sgtesting.testNGdemo.Assign7" name="postrequistes" time="0.425"/>
  <system-out/>
</testsuite> <!-- com.sgtesting.testNGdemo.Assign7 -->
