<?xml version="1.0" encoding="UTF-8"?>
<!-- Generated by org.testng.reporters.JUnitReportReporter -->
<testsuite hostname="DESKTOP-PAVAN" failures="0" tests="7" name="com.sgtesting.log4jDemo.Assign6" time="38.546" errors="0" timestamp="2021-06-03T18:24:34 IST" skipped="0">
  <testcase classname="com.sgtesting.log4jDemo.Assign6" name="runPrerequisite" time="11.060"/>
  <system-out/>
  <testcase classname="com.sgtesting.log4jDemo.Assign6" name="createCustomer" time="5.689"/>
  <system-out/>
  <testcase classname="com.sgtesting.log4jDemo.Assign6" name="createProject" time="4.278"/>
  <system-out/>
  <testcase classname="com.sgtesting.log4jDemo.Assign6" name="modifyProject" time="6.240"/>
  <system-out/>
  <testcase classname="com.sgtesting.log4jDemo.Assign6" name="deleteProject" time="6.328"/>
  <system-out/>
  <testcase classname="com.sgtesting.log4jDemo.Assign6" name="deleteCustomer" time="4.254"/>
  <system-out/>
  <testcase classname="com.sgtesting.log4jDemo.Assign6" name="postrequistes" time="0.697"/>
  <system-out/>
</testsuite> <!-- com.sgtesting.log4jDemo.Assign6 -->
